build/app/intermediates/manifest_merge_blame_file/debug/manifest-merger-blame-debug-report.txt
1<?xml version="1.0" encoding="utf-8"?>
2<manifest xmlns:android="http://schemas.android.com/apk/res/android"
3    package="com.example.scan_contacts"
4    android:versionCode="1"
5    android:versionName="1.0.0" >
6
7    <uses-sdk
8        android:minSdkVersion="16"
9        android:targetSdkVersion="29" />
10    <!--
11         Flutter needs it to communicate with the running application
12         to allow setting breakpoints, to provide hot reload, etc.
13    -->
14    <uses-permission android:name="android.permission.INTERNET" />
14-->src/debug/AndroidManifest.xml:6:5-66
14-->src/debug/AndroidManifest.xml:6:22-64
15    <uses-permission android:name="android.permission.READ_EXTERNAL_STORAGE" />
15-->[:image_picker] AndroidManifest.xml:7:5-80
15-->[:image_picker] AndroidManifest.xml:7:22-77
16    <uses-permission android:name="android.permission.WRITE_EXTERNAL_STORAGE" />
16-->[:image_picker] AndroidManifest.xml:8:5-81
16-->[:image_picker] AndroidManifest.xml:8:22-78
17    <uses-permission android:name="android.permission.VIBRATE" /> <!-- Include required permissions for Google Maps API to run. -->
17-->[:vibration] AndroidManifest.xml:7:5-66
17-->[:vibration] AndroidManifest.xml:7:22-63
18    <uses-permission android:name="android.permission.ACCESS_NETWORK_STATE" />
18-->[com.google.android.gms:play-services-maps:17.0.0] AndroidManifest.xml:23:5-79
18-->[com.google.android.gms:play-services-maps:17.0.0] AndroidManifest.xml:23:22-76
19
20    <uses-feature
20-->[com.google.android.gms:play-services-maps:17.0.0] AndroidManifest.xml:26:5-28:35
21        android:glEsVersion="0x00020000"
21-->[com.google.android.gms:play-services-maps:17.0.0] AndroidManifest.xml:27:9-41
22        android:required="true" />
22-->[com.google.android.gms:play-services-maps:17.0.0] AndroidManifest.xml:28:9-32
23
24    <uses-permission android:name="android.permission.WAKE_LOCK" /> <!-- Required by older versions of Google Play services to create IID tokens -->
24-->[com.google.firebase:firebase-iid:18.0.0] AndroidManifest.xml:24:5-68
24-->[com.google.firebase:firebase-iid:18.0.0] AndroidManifest.xml:24:22-65
25    <uses-permission android:name="com.google.android.c2dm.permission.RECEIVE" />
25-->[com.google.firebase:firebase-iid:18.0.0] AndroidManifest.xml:26:5-82
25-->[com.google.firebase:firebase-iid:18.0.0] AndroidManifest.xml:26:22-79
26    <!--
27 io.flutter.app.FlutterApplication is an android.app.Application that
28         calls FlutterMain.startInitialization(this); in its onCreate method.
29         In most cases you can leave this as-is, but you if you want to provide
30         additional functionality it is fine to subclass or reimplement
31         FlutterApplication and put your custom class here.
32    -->
33    <application
33-->src/main/AndroidManifest.xml:8:5-49:19
34        android:name="io.flutter.app.FlutterApplication"
34-->src/main/AndroidManifest.xml:9:9-57
35        android:appComponentFactory="androidx.core.app.CoreComponentFactory"
35-->[androidx.core:core:1.3.1] AndroidManifest.xml:24:18-86
36        android:debuggable="true"
37        android:icon="@mipmap/ic_launcher"
37-->src/main/AndroidManifest.xml:11:9-43
38        android:label="scan_contacts" >
38-->src/main/AndroidManifest.xml:10:9-38
39        <meta-data
39-->src/main/AndroidManifest.xml:13:9-14:70
40            android:name="com.google.android.geo.API_KEY"
40-->src/main/AndroidManifest.xml:13:20-65
41            android:value="AIzaSyDsA3i-9yeRnXxEZ4znzjZTC4igpMq2i4A" />
41-->src/main/AndroidManifest.xml:14:13-68
42
43        <activity
43-->src/main/AndroidManifest.xml:15:9-43:20
44            android:name="com.example.scan_contacts.MainActivity"
44-->src/main/AndroidManifest.xml:16:13-41
45            android:configChanges="orientation|keyboardHidden|keyboard|screenSize|smallestScreenSize|locale|layoutDirection|fontScale|screenLayout|density|uiMode"
45-->src/main/AndroidManifest.xml:19:13-163
46            android:hardwareAccelerated="true"
46-->src/main/AndroidManifest.xml:20:13-47
47            android:launchMode="singleTop"
47-->src/main/AndroidManifest.xml:17:13-43
48            android:theme="@style/LaunchTheme"
48-->src/main/AndroidManifest.xml:18:13-47
49            android:windowSoftInputMode="adjustResize" >
49-->src/main/AndroidManifest.xml:21:13-55
50
51            <!--
52                 Specifies an Android theme to apply to this Activity as soon as
53                 the Android process has started. This theme is visible to the user
54                 while the Flutter UI initializes. After that, this theme continues
55                 to determine the Window background behind the Flutter UI.
56            -->
57            <meta-data
57-->src/main/AndroidManifest.xml:26:13-29:17
58                android:name="io.flutter.embedding.android.NormalTheme"
58-->src/main/AndroidManifest.xml:27:15-70
59                android:resource="@style/NormalTheme" />
59-->src/main/AndroidManifest.xml:28:15-52
60            <!--
61                 Displays an Android View that continues showing the launch screen
62                 Drawable until Flutter paints its first frame, then this splash
63                 screen fades out. A splash screen is useful to avoid any visual
64                 gap between the end of Android's launch screen and the painting of
65                 Flutter's first frame.
66            -->
67            <meta-data
67-->src/main/AndroidManifest.xml:35:13-38:17
68                android:name="io.flutter.embedding.android.SplashScreenDrawable"
68-->src/main/AndroidManifest.xml:36:15-79
69                android:resource="@drawable/launch_background" />
69-->src/main/AndroidManifest.xml:37:15-61
70
71            <intent-filter>
71-->src/main/AndroidManifest.xml:39:13-42:29
72                <action android:name="android.intent.action.MAIN" />
72-->src/main/AndroidManifest.xml:40:17-68
72-->src/main/AndroidManifest.xml:40:25-66
73
74                <category android:name="android.intent.category.LAUNCHER" />
74-->src/main/AndroidManifest.xml:41:17-76
74-->src/main/AndroidManifest.xml:41:27-74
75            </intent-filter>
76        </activity>
77        <!--
78             Don't delete the meta-data below.
79             This is used by the Flutter tool to generate GeneratedPluginRegistrant.java
80        -->
81        <meta-data
81-->src/main/AndroidManifest.xml:46:9-48:33
82            android:name="flutterEmbedding"
82-->src/main/AndroidManifest.xml:47:13-44
83            android:value="2" />
83-->src/main/AndroidManifest.xml:48:13-30
84
85        <provider
85-->[:image_picker] AndroidManifest.xml:11:9-19:20
86            android:name="io.flutter.plugins.imagepicker.ImagePickerFileProvider"
86-->[:image_picker] AndroidManifest.xml:12:13-82
87            android:authorities="com.example.scan_contacts.flutter.image_provider"
87-->[:image_picker] AndroidManifest.xml:13:13-74
88            android:exported="false"
88-->[:image_picker] AndroidManifest.xml:14:13-37
89            android:grantUriPermissions="true" >
89-->[:image_picker] AndroidManifest.xml:15:13-47
90            <meta-data
90-->[:image_picker] AndroidManifest.xml:16:13-18:75
91                android:name="android.support.FILE_PROVIDER_PATHS"
91-->[:image_picker] AndroidManifest.xml:17:17-67
92                android:resource="@xml/flutter_image_picker_file_paths" />
92-->[:image_picker] AndroidManifest.xml:18:17-72
93        </provider>
94
95        <activity
95-->[:url_launcher] AndroidManifest.xml:8:9-11:74
96            android:name="io.flutter.plugins.urllauncher.WebViewActivity"
96-->[:url_launcher] AndroidManifest.xml:9:13-74
97            android:exported="false"
97-->[:url_launcher] AndroidManifest.xml:10:13-37
98            android:theme="@android:style/Theme.NoTitleBar.Fullscreen" />
98-->[:url_launcher] AndroidManifest.xml:11:13-71
99
100        <provider
100-->[:share] AndroidManifest.xml:8:9-16:20
101            android:name="io.flutter.plugins.share.ShareFileProvider"
101-->[:share] AndroidManifest.xml:9:13-70
102            android:authorities="com.example.scan_contacts.flutter.share_provider"
102-->[:share] AndroidManifest.xml:10:13-74
103            android:exported="false"
103-->[:share] AndroidManifest.xml:11:13-37
104            android:grantUriPermissions="true" >
104-->[:share] AndroidManifest.xml:12:13-47
105            <meta-data
105-->[:image_picker] AndroidManifest.xml:16:13-18:75
106                android:name="android.support.FILE_PROVIDER_PATHS"
106-->[:image_picker] AndroidManifest.xml:17:17-67
107                android:resource="@xml/flutter_share_file_paths" />
107-->[:image_picker] AndroidManifest.xml:18:17-72
108        </provider> <!-- Needs to be explicitly declared on P+ -->
109        <uses-library
109-->[com.google.android.gms:play-services-maps:17.0.0] AndroidManifest.xml:33:9-35:40
110            android:name="org.apache.http.legacy"
110-->[com.google.android.gms:play-services-maps:17.0.0] AndroidManifest.xml:34:13-50
111            android:required="false" />
111-->[com.google.android.gms:play-services-maps:17.0.0] AndroidManifest.xml:35:13-37
112
113        <service
113-->[com.google.firebase:firebase-iid:18.0.0] AndroidManifest.xml:29:9-35:19
114            android:name="com.google.firebase.components.ComponentDiscoveryService"
114-->[com.google.firebase:firebase-iid:18.0.0] AndroidManifest.xml:30:13-84
115            android:exported="false" >
115-->[com.google.firebase:firebase-iid:18.0.0] AndroidManifest.xml:31:13-37
116            <meta-data
116-->[com.google.firebase:firebase-iid:18.0.0] AndroidManifest.xml:32:13-34:85
117                android:name="com.google.firebase.components:com.google.firebase.iid.Registrar"
117-->[com.google.firebase:firebase-iid:18.0.0] AndroidManifest.xml:33:17-96
118                android:value="com.google.firebase.components.ComponentRegistrar" />
118-->[com.google.firebase:firebase-iid:18.0.0] AndroidManifest.xml:34:17-82
119        </service>
120
121        <receiver
121-->[com.google.firebase:firebase-iid:18.0.0] AndroidManifest.xml:37:9-44:20
122            android:name="com.google.firebase.iid.FirebaseInstanceIdReceiver"
122-->[com.google.firebase:firebase-iid:18.0.0] AndroidManifest.xml:38:13-78
123            android:exported="true"
123-->[com.google.firebase:firebase-iid:18.0.0] AndroidManifest.xml:39:13-36
124            android:permission="com.google.android.c2dm.permission.SEND" >
124-->[com.google.firebase:firebase-iid:18.0.0] AndroidManifest.xml:40:13-73
125            <intent-filter>
125-->[com.google.firebase:firebase-iid:18.0.0] AndroidManifest.xml:41:13-43:29
126                <action android:name="com.google.android.c2dm.intent.RECEIVE" />
126-->[com.google.firebase:firebase-iid:18.0.0] AndroidManifest.xml:42:17-81
126-->[com.google.firebase:firebase-iid:18.0.0] AndroidManifest.xml:42:25-78
127            </intent-filter>
128        </receiver>
129
130        <activity
130-->[com.google.android.gms:play-services-base:17.0.0] AndroidManifest.xml:23:9-26:75
131            android:name="com.google.android.gms.common.api.GoogleApiActivity"
131-->[com.google.android.gms:play-services-base:17.0.0] AndroidManifest.xml:24:13-79
132            android:exported="false"
132-->[com.google.android.gms:play-services-base:17.0.0] AndroidManifest.xml:25:13-37
133            android:theme="@android:style/Theme.Translucent.NoTitleBar" />
133-->[com.google.android.gms:play-services-base:17.0.0] AndroidManifest.xml:26:13-72
134
135        <provider
135-->[com.google.firebase:firebase-common:17.0.0] AndroidManifest.xml:12:9-16:39
136            android:name="com.google.firebase.provider.FirebaseInitProvider"
136-->[com.google.firebase:firebase-common:17.0.0] AndroidManifest.xml:13:13-77
137            android:authorities="com.example.scan_contacts.firebaseinitprovider"
137-->[com.google.firebase:firebase-common:17.0.0] AndroidManifest.xml:14:13-72
138            android:exported="false"
138-->[com.google.firebase:firebase-common:17.0.0] AndroidManifest.xml:15:13-37
139            android:initOrder="100" />
139-->[com.google.firebase:firebase-common:17.0.0] AndroidManifest.xml:16:13-36
140
141        <meta-data
141-->[com.google.android.gms:play-services-basement:17.0.0] AndroidManifest.xml:23:9-25:69
142            android:name="com.google.android.gms.version"
142-->[com.google.android.gms:play-services-basement:17.0.0] AndroidManifest.xml:24:13-58
143            android:value="@integer/google_play_services_version" />
143-->[com.google.android.gms:play-services-basement:17.0.0] AndroidManifest.xml:25:13-66
144    </application>
145
146</manifest>